Using pre-set license
Built from '2021.1/staging' branch; Version is '2021.1.28f1 (f3f9dc10f3dd) revision 15989212'; Using compiler version '192528614'; Build Type 'Release'
OS: 'Windows 10 Home China; OS build 19042.1288; Version 2009; 64bit' Language: 'zh' Physical Memory: 16061 MB
BatchMode: 1, IsHumanControllingUs: 0, StartBugReporterOnCrash: 0, Is64bit: 1, IsPro: 0

COMMAND LINE ARGUMENTS:
C:\Program Files\2021.1.28f1\Editor\Unity.exe
-adb2
-batchMode
-noUpm
-name
AssetImportWorker1
-projectPath
C:/Users/kelly/Desktop/UNITY HOMEWORKS/Pedestrian/Pedestrian
-logFile
Logs/AssetImportWorker1.log
-srvPort
54307
Successfully changed project path to: C:/Users/kelly/Desktop/UNITY HOMEWORKS/Pedestrian/Pedestrian
C:/Users/kelly/Desktop/UNITY HOMEWORKS/Pedestrian/Pedestrian
Using Asset Import Pipeline V2.
Refreshing native plugins compatible for Editor in 529.55 ms, found 4 plugins.
Preloading 0 native plugins for Editor in 0.00 ms.
Initialize engine version: 2021.1.28f1 (f3f9dc10f3dd)
[Subsystems] Discovering subsystems at path C:/Program Files/2021.1.28f1/Editor/Data/Resources/UnitySubsystems
[Subsystems] Discovering subsystems at path C:/Users/kelly/Desktop/UNITY HOMEWORKS/Pedestrian/Pedestrian/Assets
GfxDevice: creating device client; threaded=0; jobified=0
Direct3D:
    Version:  Direct3D 11.0 [level 11.1]
    Renderer: NVIDIA GeForce RTX 3060 Laptop GPU (ID=0x2520)
    Vendor:   NVIDIA
    VRAM:     6023 MB
    Driver:   27.21.14.6213
Initialize mono
Mono path[0] = 'C:/Program Files/2021.1.28f1/Editor/Data/Managed'
Mono path[1] = 'C:/Program Files/2021.1.28f1/Editor/Data/MonoBleedingEdge/lib/mono/unityjit'
Mono config path = 'C:/Program Files/2021.1.28f1/Editor/Data/MonoBleedingEdge/etc'
Using monoOptions --debugger-agent=transport=dt_socket,embedding=1,server=y,suspend=n,address=127.0.0.1:56240
Begin MonoManager ReloadAssembly
Registering precompiled unity dll's ...
Register platform support module: C:/Program Files/2021.1.28f1/Editor/Data/PlaybackEngines/WebGLSupport/UnityEditor.WebGL.Extensions.dll
Register platform support module: C:/Program Files/2021.1.28f1/Editor/Data/PlaybackEngines/MacStandaloneSupport/UnityEditor.OSXStandalone.Extensions.dll
Register platform support module: C:/Program Files/2021.1.28f1/Editor/Data/PlaybackEngines/WindowsStandaloneSupport/UnityEditor.WindowsStandalone.Extensions.dll
Registered in 0.030360 seconds.
Native extension for WindowsStandalone target not found
Native extension for OSXStandalone target not found
Native extension for WebGL target not found
Refreshing native plugins compatible for Editor in 481.11 ms, found 4 plugins.
Preloading 0 native plugins for Editor in 0.00 ms.
Mono: successfully reloaded assembly
- Completed reload, in  9.675 seconds
Domain Reload Profiling:
	ReloadAssembly (9676ms)
		BeginReloadAssembly (447ms)
			ExecutionOrderSort (0ms)
			DisableScriptedObjects (0ms)
			BackupInstance (0ms)
			ReleaseScriptingObjects (0ms)
			CreateAndSetChildDomain (4ms)
		EndReloadAssembly (2187ms)
			LoadAssemblies (422ms)
			RebuildTransferFunctionScriptingTraits (0ms)
			SetupTypeCache (642ms)
			ReleaseScriptCaches (0ms)
			RebuildScriptCaches (108ms)
			SetupLoadedEditorAssemblies (1174ms)
				LogAssemblyErrors (0ms)
				InitializePlatformSupportModulesInManaged (43ms)
				SetLoadedEditorAssemblies (1ms)
				RefreshPlugins (481ms)
				BeforeProcessingInitializeOnLoad (4ms)
				ProcessInitializeOnLoadAttributes (538ms)
				ProcessInitializeOnLoadMethodAttributes (106ms)
				AfterProcessingInitializeOnLoad (0ms)
				EditorAssembliesLoaded (1ms)
			ExecutionOrderSort2 (0ms)
			AwakeInstancesAfterBackupRestoration (0ms)
Platform modules already initialized, skipping
Registering precompiled user dll's ...
Registered in 0.083840 seconds.
Begin MonoManager ReloadAssembly
Symbol file LoadedFromMemory doesn't match image C:\Users\kelly\Desktop\UNITY HOMEWORKS\Pedestrian\Pedestrian\Library\PackageCache\com.unity.visualscripting@1.6.1\Editor\VisualScripting.Core\Dependencies\YamlDotNet\Unity.VisualScripting.YamlDotNet.dll
Symbol file LoadedFromMemory doesn't match image C:\Users\kelly\Desktop\UNITY HOMEWORKS\Pedestrian\Pedestrian\Library\PackageCache\com.unity.visualscripting@1.6.1\Editor\VisualScripting.Core\Dependencies\DotNetZip\Unity.VisualScripting.IonicZip.dll
Native extension for WindowsStandalone target not found
Native extension for OSXStandalone target not found
Native extension for WebGL target not found
Refreshing native plugins compatible for Editor in 419.93 ms, found 4 plugins.
Preloading 0 native plugins for Editor in 0.00 ms.
Mono: successfully reloaded assembly
- Completed reload, in  6.206 seconds
Domain Reload Profiling:
	ReloadAssembly (6208ms)
		BeginReloadAssembly (833ms)
			ExecutionOrderSort (0ms)
			DisableScriptedObjects (17ms)
			BackupInstance (0ms)
			ReleaseScriptingObjects (0ms)
			CreateAndSetChildDomain (66ms)
		EndReloadAssembly (4971ms)
			LoadAssemblies (728ms)
			RebuildTransferFunctionScriptingTraits (0ms)
			SetupTypeCache (1515ms)
			ReleaseScriptCaches (2ms)
			RebuildScriptCaches (220ms)
			SetupLoadedEditorAssemblies (2205ms)
				LogAssemblyErrors (0ms)
				InitializePlatformSupportModulesInManaged (32ms)
				SetLoadedEditorAssemblies (1ms)
				RefreshPlugins (420ms)
				BeforeProcessingInitializeOnLoad (569ms)
				ProcessInitializeOnLoadAttributes (1007ms)
				ProcessInitializeOnLoadMethodAttributes (73ms)
				AfterProcessingInitializeOnLoad (102ms)
				EditorAssembliesLoaded (1ms)
			ExecutionOrderSort2 (0ms)
			AwakeInstancesAfterBackupRestoration (24ms)
Platform modules already initialized, skipping
========================================================================
Worker process is ready to serve import requests
Launched and connected shader compiler UnityShaderCompiler.exe after 0.22 seconds
Refreshing native plugins compatible for Editor in 0.93 ms, found 4 plugins.
Preloading 0 native plugins for Editor in 0.00 ms.
Unloading 3937 Unused Serialized files (Serialized files now loaded: 0)
System memory in use before: 144.7 MB.
System memory in use after: 144.9 MB.

Unloading 33 unused Assets to reduce memory usage. Loaded Objects now: 4380.
Total: 4.789700 ms (FindLiveObjects: 0.288200 ms CreateObjectMapping: 0.159200 ms MarkObjects: 4.250900 ms  DeleteObjects: 0.090100 ms)

AssetImportParameters requested are different than current active one (requested -> active):
  custom:framework-win-MediaFoundation: 216162199b28c13a410421893ffa2e32 -> 
  custom:video-decoder-ogg-theora: a1e56fd34408186e4bbccfd4996cb3dc -> 
  custom:container-muxer-webm: aa71ff27fc2769a1b78a27578f13a17b -> 
  custom:container-demuxer-webm: 4f35f7cbe854078d1ac9338744f61a02 -> 
  custom:container-demuxer-ogg: 62fdf1f143b41e24485cea50d1cbac27 -> 
  custom:video-encoder-webm-vp8: eb34c28f22e8b96e1ab97ce403110664 -> 
  custom:video-codec-MediaFoundation-h265: 746d11721c4dcdbdad8f713fa42b33f4 -> 
  custom:video-decoder-webm-vp8: 9c59270c3fd7afecdb556c50c9e8de78 -> 
  custom:audio-decoder-ogg-vorbis: bf7c407c2cedff20999df2af8eb42d56 -> 
  custom:audio-encoder-webm-vorbis: bf7c407c2cedff20999df2af8eb42d56 -> 
========================================================================
Received Import Request.
  path: Assets/Scenes/key1.png
  artifactKey: Guid(b2e13ad45f443064dab01c5ab790a2d0) Importer(815301076,1909f56bfc062723c751e8b465ee728b)
Start importing Assets/Scenes/key1.png using Guid(b2e13ad45f443064dab01c5ab790a2d0) Importer(815301076,1909f56bfc062723c751e8b465ee728b)  -> (artifact id: 'd6c249e4535592eaedfc7d477858de06') in 0.251155 seconds 
========================================================================
Received Prepare
Refreshing native plugins compatible for Editor in 45.90 ms, found 4 plugins.
Preloading 0 native plugins for Editor in 0.00 ms.
Unloading 20 Unused Serialized files (Serialized files now loaded: 0)
System memory in use before: 70.8 MB.
System memory in use after: 71.0 MB.

Unloading 20 unused Assets to reduce memory usage. Loaded Objects now: 4387.
Total: 11.386600 ms (FindLiveObjects: 0.591300 ms CreateObjectMapping: 0.344000 ms MarkObjects: 10.362600 ms  DeleteObjects: 0.085700 ms)

AssetImportParameters requested are different than current active one (requested -> active):
  custom:framework-win-MediaFoundation: 216162199b28c13a410421893ffa2e32 -> 
  custom:video-decoder-ogg-theora: a1e56fd34408186e4bbccfd4996cb3dc -> 
  custom:container-muxer-webm: aa71ff27fc2769a1b78a27578f13a17b -> 
  custom:container-demuxer-webm: 4f35f7cbe854078d1ac9338744f61a02 -> 
  custom:container-demuxer-ogg: 62fdf1f143b41e24485cea50d1cbac27 -> 
  custom:video-encoder-webm-vp8: eb34c28f22e8b96e1ab97ce403110664 -> 
  custom:video-codec-MediaFoundation-h265: 746d11721c4dcdbdad8f713fa42b33f4 -> 
  custom:video-decoder-webm-vp8: 9c59270c3fd7afecdb556c50c9e8de78 -> 
  custom:audio-decoder-ogg-vorbis: bf7c407c2cedff20999df2af8eb42d56 -> 
  custom:audio-encoder-webm-vorbis: bf7c407c2cedff20999df2af8eb42d56 -> 
========================================================================
Received Import Request.
  Time since last request: 5.507198 seconds.
  path: Assets/Scenes/Assets
  artifactKey: Guid(fac3a32ba9374aa438c1656ae2b4a541) Importer(815301076,1909f56bfc062723c751e8b465ee728b)
Start importing Assets/Scenes/Assets using Guid(fac3a32ba9374aa438c1656ae2b4a541) Importer(815301076,1909f56bfc062723c751e8b465ee728b)  -> (artifact id: '906c0b2ce9e3b863a8a22758d9267393') in 0.013419 seconds 
========================================================================
Received Import Request.
  Time since last request: 19.213518 seconds.
  path: Assets/Scenes/Assets/pedestrian_clim.png
  artifactKey: Guid(613be43ee70f39e4faac58d82343bd78) Importer(815301076,1909f56bfc062723c751e8b465ee728b)
Start importing Assets/Scenes/Assets/pedestrian_clim.png using Guid(613be43ee70f39e4faac58d82343bd78) Importer(815301076,1909f56bfc062723c751e8b465ee728b)  -> (artifact id: '0d981f3fb90bfa91fdcc3658d3138665') in 0.053375 seconds 
========================================================================
Received Import Request.
  Time since last request: 0.000696 seconds.
  path: Assets/Scenes/Assets/pedestrian_walk.png
  artifactKey: Guid(0c826e66e2ce73b4fa36d0c6bbdfb834) Importer(815301076,1909f56bfc062723c751e8b465ee728b)
Start importing Assets/Scenes/Assets/pedestrian_walk.png using Guid(0c826e66e2ce73b4fa36d0c6bbdfb834) Importer(815301076,1909f56bfc062723c751e8b465ee728b)  -> (artifact id: 'e34a309e1d3281e018ada4da1e189dd2') in 0.045419 seconds 
========================================================================
Received Import Request.
  Time since last request: 0.000585 seconds.
  path: Assets/Scenes/Assets/pedestrian_jump.png
  artifactKey: Guid(de5e0c7fd7a4cc94baf9daed2c9258ae) Importer(815301076,1909f56bfc062723c751e8b465ee728b)
Start importing Assets/Scenes/Assets/pedestrian_jump.png using Guid(de5e0c7fd7a4cc94baf9daed2c9258ae) Importer(815301076,1909f56bfc062723c751e8b465ee728b)  -> (artifact id: '8a1c39d7477d0cdeb8eb56c2b9aaa384') in 0.040212 seconds 
========================================================================
Received Import Request.
  Time since last request: 0.000477 seconds.
  path: Assets/Scenes/Assets/pedestrian_idle.png
  artifactKey: Guid(459b912a7edd26b4e8285d9f76e72861) Importer(815301076,1909f56bfc062723c751e8b465ee728b)
Start importing Assets/Scenes/Assets/pedestrian_idle.png using Guid(459b912a7edd26b4e8285d9f76e72861) Importer(815301076,1909f56bfc062723c751e8b465ee728b)  -> (artifact id: '6da88b274bd24bbe4f181381d931347b') in 0.053479 seconds 
========================================================================
Received Import Request.
  Time since last request: 41.334706 seconds.
  path: Assets/Scenes/Assets/pedestrian_idle.png
  artifactKey: Guid(459b912a7edd26b4e8285d9f76e72861) Importer(815301076,1909f56bfc062723c751e8b465ee728b)
Start importing Assets/Scenes/Assets/pedestrian_idle.png using Guid(459b912a7edd26b4e8285d9f76e72861) Importer(815301076,1909f56bfc062723c751e8b465ee728b)  -> (artifact id: '6e102414c097bc3ef34fc51a55780dc0') in 0.044351 seconds 
========================================================================
Received Import Request.
  Time since last request: 659.550480 seconds.
  path: Assets/Scenes/Assets/pedestrian_idle.png
  artifactKey: Guid(459b912a7edd26b4e8285d9f76e72861) Importer(815301076,1909f56bfc062723c751e8b465ee728b)
Start importing Assets/Scenes/Assets/pedestrian_idle.png using Guid(459b912a7edd26b4e8285d9f76e72861) Importer(815301076,1909f56bfc062723c751e8b465ee728b)  -> (artifact id: 'e65e06167a6489792cfd887956e562fc') in 0.207606 seconds 
========================================================================
Received Import Request.
  Time since last request: 25.437551 seconds.
  path: Assets/Scenes/Assets/pedestrian_jump.png
  artifactKey: Guid(de5e0c7fd7a4cc94baf9daed2c9258ae) Importer(815301076,1909f56bfc062723c751e8b465ee728b)
Start importing Assets/Scenes/Assets/pedestrian_jump.png using Guid(de5e0c7fd7a4cc94baf9daed2c9258ae) Importer(815301076,1909f56bfc062723c751e8b465ee728b)  -> (artifact id: 'f5018848a13c016b8326cebb3a0e8bdb') in 0.043417 seconds 
========================================================================
Received Import Request.
  Time since last request: 268.770798 seconds.
  path: Assets/Scenes/Assets/pedestrian_jump.png
  artifactKey: Guid(de5e0c7fd7a4cc94baf9daed2c9258ae) Importer(815301076,1909f56bfc062723c751e8b465ee728b)
Start importing Assets/Scenes/Assets/pedestrian_jump.png using Guid(de5e0c7fd7a4cc94baf9daed2c9258ae) Importer(815301076,1909f56bfc062723c751e8b465ee728b)  -> (artifact id: '59d616bd0908ea869aaab4e4d63c7869') in 0.123170 seconds 
========================================================================
Received Import Request.
  Time since last request: 31.011301 seconds.
  path: Assets/Scenes/Assets/pedestrian_walk.png
  artifactKey: Guid(0c826e66e2ce73b4fa36d0c6bbdfb834) Importer(815301076,1909f56bfc062723c751e8b465ee728b)
Start importing Assets/Scenes/Assets/pedestrian_walk.png using Guid(0c826e66e2ce73b4fa36d0c6bbdfb834) Importer(815301076,1909f56bfc062723c751e8b465ee728b)  -> (artifact id: '01ee047283162bbd574ff9c0c800e8e1') in 0.038873 seconds 
========================================================================
Received Import Request.
  Time since last request: 114.004311 seconds.
  path: Assets/Scenes/Assets/pedestrian_walk.png
  artifactKey: Guid(0c826e66e2ce73b4fa36d0c6bbdfb834) Importer(815301076,1909f56bfc062723c751e8b465ee728b)
Start importing Assets/Scenes/Assets/pedestrian_walk.png using Guid(0c826e66e2ce73b4fa36d0c6bbdfb834) Importer(815301076,1909f56bfc062723c751e8b465ee728b)  -> (artifact id: 'db5aa64c2e1edfca9ffe3163d4bc6604') in 0.122865 seconds 
AssetImportWorkerClient::OnTransportError - code=2 error=End of file
